\BOOKMARK [0][-]{chapter.1}{\376\377\000\332\000v\000o\000d}{}% 1
\BOOKMARK [0][-]{chapter.2}{\376\377\000S\000h\000r\000n\000u\000t\000\355\000\040\000d\000o\000s\000a\000v\000a\000d\000n\000\355\000h\000o\000\040\000s\000t\000a\000v\000u}{}% 2
\BOOKMARK [1][-]{section.2.1}{\376\377\000H\000r\000a\000\040\000n\000a\000\040\000m\000o\000t\000i\000v\000y\000\040\000S\000c\000o\000t\000l\000a\000n\000d\000\040\000Y\000a\000r\000d}{chapter.2}% 3
\BOOKMARK [1][-]{section.2.2}{\376\377\000B\000a\000y\000e\000s\000o\000v\000s\000k\000\351\000\040\000h\000r\000y\000:\000\040\000H\000r\000y\000\040\000s\000\040\000n\000e\000\372\000p\000l\000n\000o\000u\000\040\000i\000n\000f\000o\000r\000m\000a\000c\000\355}{chapter.2}% 4
\BOOKMARK [1][-]{section.2.3}{\376\377\000K\000l\000\355\001\015\000o\000v\000\351\000\040\000k\000o\000n\000c\000e\000p\000t\000y\000\040\000p\000o\000s\000i\000l\000o\000v\000a\000n\000\351\000h\000o\000\040\000u\001\015\000e\000n\000\355}{chapter.2}% 5
\BOOKMARK [2][-]{subsection.2.3.1}{\376\377\000A\000g\000e\000n\000t}{section.2.3}% 6
\BOOKMARK [2][-]{subsection.2.3.2}{\376\377\000P\000r\000o\000s\000t\001\131\000e\000d\000\355}{section.2.3}% 7
\BOOKMARK [2][-]{subsection.2.3.3}{\376\377\000M\000o\000d\000e\000l}{section.2.3}% 8
\BOOKMARK [2][-]{subsection.2.3.4}{\376\377\000A\000k\000c\000e}{section.2.3}% 9
\BOOKMARK [2][-]{subsection.2.3.5}{\376\377\000O\000d\000m\001\033\000n\000a}{section.2.3}% 10
\BOOKMARK [2][-]{subsection.2.3.6}{\376\377\000P\000o\000l\000i\000t\000i\000k\000a}{section.2.3}% 11
\BOOKMARK [2][-]{subsection.2.3.7}{\376\377\000H\000o\000d\000n\000o\000t\000o\000v\000\341\000\040\000f\000u\000n\000k\000c\000e}{section.2.3}% 12
\BOOKMARK [2][-]{subsection.2.3.8}{\376\377\000M\000a\000r\000k\000o\000v\000s\000k\000\375\000\040\000r\000o\000z\000h\000o\000d\000o\000v\000a\000c\000\355\000\040\000p\000r\000o\000c\000e\000s}{section.2.3}% 13
\BOOKMARK [2][-]{subsection.2.3.9}{\376\377\000B\000e\000l\000l\000m\000a\000n\000o\000v\000a\000\040\000r\000o\000v\000n\000i\000c\000e}{section.2.3}% 14
\BOOKMARK [2][-]{subsection.2.3.10}{\376\377\000R\000o\000v\000n\000o\000v\000\341\000h\000a\000\040\000m\000e\000z\000i\000\040\000e\000x\000p\000l\000o\000r\000a\000c\000\355\000\040\000a\000\040\000e\000x\000p\000l\000o\000a\000t\000a\000c\000\355\000\040\000\050\000e\000x\000p\000l\000o\000r\000a\000t\000i\000o\000n\000-\000e\000x\000p\000l\000o\000i\000t\000a\000t\000i\000o\000n\000\051}{section.2.3}% 15
\BOOKMARK [1][-]{section.2.4}{\376\377\000V\000h\000o\000d\000n\000\351\000\040\000a\000l\000g\000o\000r\000i\000t\000m\000y\000\040\000p\000r\000o\000\040\001\131\000e\001\141\000e\000n\000\355\000\040\000h\000e\000r\000\040\000s\000\040\000n\000e\000\372\000p\000l\000n\000o\000u\000\040\000i\000n\000f\000o\000r\000m\000a\000c\000\355}{chapter.2}% 16
\BOOKMARK [1][-]{section.2.5}{\376\377\000P\000r\000o\000x\000i\000m\000\341\000l\000n\000\355\000\040\000o\000p\000t\000i\000m\000a\000l\000i\000z\000a\000c\000e\000\040\000p\000o\000l\000i\000t\000i\000k\000y}{chapter.2}% 17
\BOOKMARK [1][-]{section.2.6}{\376\377\000A\000l\000g\000o\000r\000i\000t\000m\000u\000s\000\040\000P\000P\000O}{chapter.2}% 18
\BOOKMARK [0][-]{chapter.3}{\376\377\000Z\000h\000o\000d\000n\000o\000c\000e\000n\000\355\000\040\000s\000o\000u\001\015\000a\000s\000n\000\351\000h\000o\000\040\000s\000t\000a\000v\000u\000\040\000a\000\040\000p\000l\000\341\000n\000\040\000p\000r\000\341\000c\000e\000\040\000\050\000n\000\341\000v\000r\000h\000\051}{}% 19
\BOOKMARK [0][-]{chapter.4}{\376\377\000U\001\176\000i\000v\000a\000t\000e\000l\000s\000k\000\351\000\040\000r\000o\000z\000h\000r\000a\000n\000\355\000\040\000h\000r\000y\000\040\000S\000c\000o\000t\000l\000a\000n\000d\000\040\000Y\000a\000r\000d}{}% 20
\BOOKMARK [0][-]{chapter.5}{\376\377\000I\000m\000p\000l\000e\000m\000e\000n\000t\000a\000c\000e\000\040\000u\000m\001\033\000l\000\351\000\040\000i\000n\000t\000e\000l\000i\000g\000e\000n\000c\000e\000\040\000d\000o\000\040\000h\000r\000y\000\040\000S\000c\000o\000t\000l\000a\000n\000d\000\040\000Y\000a\000r\000d\000\040\000p\000o\000m\000o\000c\000\355\000\040\000a\000l\000g\000o\000r\000i\000t\000m\000u\000\040\000P\000P\000O}{}% 21
\BOOKMARK [1][-]{section.5.1}{\376\377\000L\000o\000g\000i\000k\000a\000\040\000h\000r\000y}{chapter.5}% 22
\BOOKMARK [1][-]{section.5.2}{\376\377\000P\000r\000o\000s\000t\001\131\000e\000d\000\355}{chapter.5}% 23
\BOOKMARK [1][-]{section.5.3}{\376\377\000V\000i\000z\000u\000\341\000l\000n\000\355\000\040\000s\000t\000r\000\341\000n\000k\000a}{chapter.5}% 24
\BOOKMARK [1][-]{section.5.4}{\376\377\000U\001\015\000e\000n\000\355}{chapter.5}% 25
\BOOKMARK [0][-]{chapter.6}{\376\377\000T\000e\000s\000t\000o\000v\000\341\000n\000\355}{}% 26
\BOOKMARK [0][-]{chapter.7}{\376\377\000Z\000\341\000v\001\033\000r}{}% 27
\BOOKMARK [0][-]{chapter.8}{\376\377\000P\001\131\000\355\000l\000o\000h\000y}{}% 28
\BOOKMARK [0][-]{chapter*.17}{\376\377\000L\000i\000t\000e\000r\000a\000t\000u\000r\000a}{}% 29
\BOOKMARK [0][-]{appendix.A}{\376\377\000C\000h\000e\000c\000k\000l\000i\000s\000t}{}% 30
